Arguments: 
  /Users/eugene/.nvm/versions/node/v16.15.1/bin/node /Users/eugene/.nvm/versions/node/v16.15.1/bin/yarn test

PATH: 
  /Users/eugene/.bun/bin:/opt/homebrew/opt/protobuf@3/bin:/usr/local/opt/ruby/bin:/opt/homebrew/opt/libpq/bin:/Users/eugene/.nvm/versions/node/v16.15.1/bin:/opt/homebrew/bin:/opt/homebrew/bin:/opt/homebrew/sbin:/usr/local/bin:/System/Cryptexes/App/usr/bin:/usr/bin:/bin:/usr/sbin:/sbin:/Library/Apple/usr/bin:/Library/Frameworks/Mono.framework/Versions/Current/Commands:/Users/eugene/.cargo/bin:/Users/eugene/Library/Application Support/JetBrains/Toolbox/scripts:/Users/eugene/.antigen/bundles/robbyrussell/oh-my-zsh/lib:/Users/eugene/.antigen/bundles/robbyrussell/oh-my-zsh/plugins/git:/Users/eugene/.antigen/bundles/robbyrussell/oh-my-zsh/plugins/command-not-found:/Users/eugene/.antigen/bundles/robbyrussell/oh-my-zsh/plugins/docker:/Users/eugene/.antigen/bundles/zsh-users/zsh-completions:/Users/eugene/.antigen/bundles/zsh-users/zsh-autosuggestions:/Users/eugene/.antigen/bundles/zsh-users/zsh-syntax-highlighting:/Users/eugene/.antigen/bundles/denysdovhan/spaceship-prompt:/Users/eugene/.spicetify:/usr/local/bin:/usr/local/sbin:/usr/local/opt/ncurses/bin:/Users/eugene/.pub-cache/bin:/Users/eugene/Development/flutter/bin:/Users/eugene/go/bin

Yarn version: 
  1.22.19

Node version: 
  16.15.1

Platform: 
  darwin arm64

Trace: 
  Invariant Violation: Script must exist
      at invariant (/Users/eugene/.nvm/versions/node/v16.15.1/lib/node_modules/yarn/lib/cli.js:2318:15)
      at /Users/eugene/.nvm/versions/node/v16.15.1/lib/node_modules/yarn/lib/cli.js:61545:11
      at Generator.next (<anonymous>)
      at step (/Users/eugene/.nvm/versions/node/v16.15.1/lib/node_modules/yarn/lib/cli.js:310:30)
      at /Users/eugene/.nvm/versions/node/v16.15.1/lib/node_modules/yarn/lib/cli.js:328:14
      at new Promise (<anonymous>)
      at new F (/Users/eugene/.nvm/versions/node/v16.15.1/lib/node_modules/yarn/lib/cli.js:5305:28)
      at /Users/eugene/.nvm/versions/node/v16.15.1/lib/node_modules/yarn/lib/cli.js:307:12
      at realRunCommand (/Users/eugene/.nvm/versions/node/v16.15.1/lib/node_modules/yarn/lib/cli.js:61630:23)
      at action.action (/Users/eugene/.nvm/versions/node/v16.15.1/lib/node_modules/yarn/lib/cli.js:61691:16)

npm manifest: 
  {
    "name": "@kinopoiskdev/prisma",
    "version": "1.0.0",
    "description": "",
    "main": "index.ts",
    "dependencies": {
      "@prisma/client": "^4.0.0"
    },
    "devDependencies": {
      "dotenv-cli": "^6.0.0",
      "prisma": "^4.5.0",
      "typescript": "^4.8.4"
    },
    "scripts": {
      "db:generate": "dotenv -- prisma generate",
      "test": "",
      "postinstall": "tsc && cp src/index.d.ts dist/index.d.ts && npm run db:generate"
    },
    "repository": {
      "type": "git",
      "url": "git+https://github.com/kinopoiskdev/prisma.git"
    },
    "author": "mdwitr0",
    "license": "ISC",
    "bugs": {
      "url": "https://github.com/kinopoiskdev/prisma/issues"
    },
    "homepage": "https://github.com/kinopoiskdev/prisma#readme"
  }

yarn manifest: 
  No manifest

Lockfile: 
  No lockfile
